This file contains any messages produced by compilers while
running configure, to aid debugging if configure makes a mistake.

It was created by stamp configure 1.0, which was
generated by GNU Autoconf 2.59.  Invocation command line was

  $ ./configure 

## --------- ##
## Platform. ##
## --------- ##

hostname = yangfan
uname -m = i686
uname -r = 2.6.28-12-generic
uname -s = Linux
uname -v = #43-Ubuntu SMP Fri May 1 19:27:06 UTC 2009

/usr/bin/uname -p = unknown
/bin/uname -X     = unknown

/bin/arch              = unknown
/usr/bin/arch -k       = unknown
/usr/convex/getsysinfo = unknown
hostinfo               = unknown
/bin/machine           = unknown
/usr/bin/oslevel       = unknown
/bin/universe          = unknown

PATH: /usr/local/bin
PATH: /opt/oa/bin
PATH: /usr/local/share/Rational/releases/purify.i386_linux2.7.0.0.0-012.Eval
PATH: /home/yangfan/soft/fwave_bin
PATH: /apps/hspice2008.03/linux
PATH: /usr/local/sbin
PATH: /usr/local/bin
PATH: /usr/sbin
PATH: /usr/bin
PATH: /sbin
PATH: /bin
PATH: /usr/games


## ----------- ##
## Core tests. ##
## ----------- ##

configure:1363: checking for a BSD-compatible install
configure:1418: result: /usr/bin/install -c
configure:1429: checking whether build environment is sane
configure:1472: result: yes
configure:1537: checking for gawk
configure:1566: result: no
configure:1537: checking for mawk
configure:1553: found /usr/bin/mawk
configure:1563: result: mawk
configure:1573: checking whether make sets $(MAKE)
configure:1593: result: yes
configure:1818: checking for g++
configure:1834: found /usr/bin/g++
configure:1844: result: g++
configure:1860: checking for C++ compiler version
configure:1863: g++ --version </dev/null >&5
g++ (Ubuntu 4.3.3-5ubuntu4) 4.3.3
Copyright (C) 2008 Free Software Foundation, Inc.
This is free software; see the source for copying conditions.  There is NO
warranty; not even for MERCHANTABILITY or FITNESS FOR A PARTICULAR PURPOSE.

configure:1866: $? = 0
configure:1868: g++ -v </dev/null >&5
Using built-in specs.
Target: i486-linux-gnu
Configured with: ../src/configure -v --with-pkgversion='Ubuntu 4.3.3-5ubuntu4' --with-bugurl=file:///usr/share/doc/gcc-4.3/README.Bugs --enable-languages=c,c++,fortran,objc,obj-c++ --prefix=/usr --enable-shared --with-system-zlib --libexecdir=/usr/lib --without-included-gettext --enable-threads=posix --enable-nls --with-gxx-include-dir=/usr/include/c++/4.3 --program-suffix=-4.3 --enable-clocale=gnu --enable-libstdcxx-debug --enable-objc-gc --enable-mpfr --enable-targets=all --with-tune=generic --enable-checking=release --build=i486-linux-gnu --host=i486-linux-gnu --target=i486-linux-gnu
Thread model: posix
gcc version 4.3.3 (Ubuntu 4.3.3-5ubuntu4) 
configure:1871: $? = 0
configure:1873: g++ -V </dev/null >&5
g++: '-V' option must have argument
configure:1876: $? = 1
configure:1899: checking for C++ compiler default output file name
configure:1902: g++    conftest.cc  >&5
configure:1905: $? = 0
configure:1951: result: a.out
configure:1956: checking whether the C++ compiler works
configure:1962: ./a.out
configure:1965: $? = 0
configure:1982: result: yes
configure:1989: checking whether we are cross compiling
configure:1991: result: no
configure:1994: checking for suffix of executables
configure:1996: g++ -o conftest    conftest.cc  >&5
configure:1999: $? = 0
configure:2024: result: 
configure:2030: checking for suffix of object files
configure:2051: g++ -c   conftest.cc >&5
configure:2054: $? = 0
configure:2076: result: o
configure:2080: checking whether we are using the GNU C++ compiler
configure:2104: g++ -c   conftest.cc >&5
configure:2110: $? = 0
configure:2114: test -z 
			 || test ! -s conftest.err
configure:2117: $? = 0
configure:2120: test -s conftest.o
configure:2123: $? = 0
configure:2136: result: yes
configure:2142: checking whether g++ accepts -g
configure:2163: g++ -c -g  conftest.cc >&5
configure:2169: $? = 0
configure:2173: test -z 
			 || test ! -s conftest.err
configure:2176: $? = 0
configure:2179: test -s conftest.o
configure:2182: $? = 0
configure:2193: result: yes
configure:2235: g++ -c -g -O2  conftest.cc >&5
configure:2241: $? = 0
configure:2245: test -z 
			 || test ! -s conftest.err
configure:2248: $? = 0
configure:2251: test -s conftest.o
configure:2254: $? = 0
configure:2280: g++ -c -g -O2  conftest.cc >&5
conftest.cc: In function 'int main()':
conftest.cc:15: error: 'exit' was not declared in this scope
configure:2286: $? = 1
configure: failed program was:
| /* confdefs.h.  */
| 
| #define PACKAGE_NAME "stamp"
| #define PACKAGE_TARNAME "stamp"
| #define PACKAGE_VERSION "1.0"
| #define PACKAGE_STRING "stamp 1.0"
| #define PACKAGE_BUGREPORT "yhlu@fudan.edu.cn"
| #define PACKAGE "stamp"
| #define VERSION "1.0"
| /* end confdefs.h.  */
| 
| int
| main ()
| {
| exit (42);
|   ;
|   return 0;
| }
configure:2235: g++ -c -g -O2  conftest.cc >&5
conftest.cc:11: error: 'void std::exit(int)' should have been declared inside 'std'
configure:2241: $? = 1
configure: failed program was:
| /* confdefs.h.  */
| 
| #define PACKAGE_NAME "stamp"
| #define PACKAGE_TARNAME "stamp"
| #define PACKAGE_VERSION "1.0"
| #define PACKAGE_STRING "stamp 1.0"
| #define PACKAGE_BUGREPORT "yhlu@fudan.edu.cn"
| #define PACKAGE "stamp"
| #define VERSION "1.0"
| /* end confdefs.h.  */
| extern "C" void std::exit (int) throw (); using std::exit;
| #include <stdlib.h>
| int
| main ()
| {
| exit (42);
|   ;
|   return 0;
| }
configure:2235: g++ -c -g -O2  conftest.cc >&5
conftest.cc:11: error: 'void std::exit(int)' should have been declared inside 'std'
In file included from conftest.cc:12:
/usr/include/stdlib.h:531: error: declaration of 'void std::exit(int) throw ()' throws different exceptions
conftest.cc:11: error: from previous declaration 'void std::exit(int)'
configure:2241: $? = 1
configure: failed program was:
| /* confdefs.h.  */
| 
| #define PACKAGE_NAME "stamp"
| #define PACKAGE_TARNAME "stamp"
| #define PACKAGE_VERSION "1.0"
| #define PACKAGE_STRING "stamp 1.0"
| #define PACKAGE_BUGREPORT "yhlu@fudan.edu.cn"
| #define PACKAGE "stamp"
| #define VERSION "1.0"
| /* end confdefs.h.  */
| extern "C" void std::exit (int); using std::exit;
| #include <stdlib.h>
| int
| main ()
| {
| exit (42);
|   ;
|   return 0;
| }
configure:2235: g++ -c -g -O2  conftest.cc >&5
configure:2241: $? = 0
configure:2245: test -z 
			 || test ! -s conftest.err
configure:2248: $? = 0
configure:2251: test -s conftest.o
configure:2254: $? = 0
configure:2280: g++ -c -g -O2  conftest.cc >&5
configure:2286: $? = 0
configure:2290: test -z 
			 || test ! -s conftest.err
configure:2293: $? = 0
configure:2296: test -s conftest.o
configure:2299: $? = 0
configure:2333: checking for style of include used by make
configure:2361: result: GNU
configure:2389: checking dependency style of g++
configure:2479: result: gcc3
configure:2546: checking for gcc
configure:2562: found /usr/bin/gcc
configure:2572: result: gcc
configure:2816: checking for C compiler version
configure:2819: gcc --version </dev/null >&5
gcc (Ubuntu 4.3.3-5ubuntu4) 4.3.3
Copyright (C) 2008 Free Software Foundation, Inc.
This is free software; see the source for copying conditions.  There is NO
warranty; not even for MERCHANTABILITY or FITNESS FOR A PARTICULAR PURPOSE.

configure:2822: $? = 0
configure:2824: gcc -v </dev/null >&5
Using built-in specs.
Target: i486-linux-gnu
Configured with: ../src/configure -v --with-pkgversion='Ubuntu 4.3.3-5ubuntu4' --with-bugurl=file:///usr/share/doc/gcc-4.3/README.Bugs --enable-languages=c,c++,fortran,objc,obj-c++ --prefix=/usr --enable-shared --with-system-zlib --libexecdir=/usr/lib --without-included-gettext --enable-threads=posix --enable-nls --with-gxx-include-dir=/usr/include/c++/4.3 --program-suffix=-4.3 --enable-clocale=gnu --enable-libstdcxx-debug --enable-objc-gc --enable-mpfr --enable-targets=all --with-tune=generic --enable-checking=release --build=i486-linux-gnu --host=i486-linux-gnu --target=i486-linux-gnu
Thread model: posix
gcc version 4.3.3 (Ubuntu 4.3.3-5ubuntu4) 
configure:2827: $? = 0
configure:2829: gcc -V </dev/null >&5
gcc: '-V' option must have argument
configure:2832: $? = 1
configure:2835: checking whether we are using the GNU C compiler
configure:2859: gcc -c   conftest.c >&5
configure:2865: $? = 0
configure:2869: test -z 
			 || test ! -s conftest.err
configure:2872: $? = 0
configure:2875: test -s conftest.o
configure:2878: $? = 0
configure:2891: result: yes
configure:2897: checking whether gcc accepts -g
configure:2918: gcc -c -g  conftest.c >&5
configure:2924: $? = 0
configure:2928: test -z 
			 || test ! -s conftest.err
configure:2931: $? = 0
configure:2934: test -s conftest.o
configure:2937: $? = 0
configure:2948: result: yes
configure:2965: checking for gcc option to accept ANSI C
configure:3035: gcc  -c -g -O2  conftest.c >&5
configure:3041: $? = 0
configure:3045: test -z 
			 || test ! -s conftest.err
configure:3048: $? = 0
configure:3051: test -s conftest.o
configure:3054: $? = 0
configure:3072: result: none needed
configure:3090: gcc -c -g -O2  conftest.c >&5
conftest.c:2: error: expected '=', ',', ';', 'asm' or '__attribute__' before 'me'
configure:3096: $? = 1
configure: failed program was:
| #ifndef __cplusplus
|   choke me
| #endif
configure:3231: checking dependency style of gcc
configure:3321: result: gcc3
configure:3340: checking for fabs in -lm
configure:3370: gcc -o conftest -g -O2   conftest.c -lm   >&5
conftest.c:21: warning: conflicting types for built-in function 'fabs'
configure:3376: $? = 0
configure:3380: test -z 
			 || test ! -s conftest.err
configure:3383: $? = 0
configure:3386: test -s conftest
configure:3389: $? = 0
configure:3402: result: yes
configure:3422: checking how to run the C preprocessor
configure:3457: gcc -E  conftest.c
configure:3463: $? = 0
configure:3495: gcc -E  conftest.c
conftest.c:15:28: error: ac_nonexistent.h: No such file or directory
configure:3501: $? = 1
configure: failed program was:
| /* confdefs.h.  */
| 
| #define PACKAGE_NAME "stamp"
| #define PACKAGE_TARNAME "stamp"
| #define PACKAGE_VERSION "1.0"
| #define PACKAGE_STRING "stamp 1.0"
| #define PACKAGE_BUGREPORT "yhlu@fudan.edu.cn"
| #define PACKAGE "stamp"
| #define VERSION "1.0"
| #ifdef __cplusplus
| extern "C" void exit (int) throw ();
| #endif
| #define HAVE_LIBM 1
| /* end confdefs.h.  */
| #include <ac_nonexistent.h>
configure:3540: result: gcc -E
configure:3564: gcc -E  conftest.c
configure:3570: $? = 0
configure:3602: gcc -E  conftest.c
conftest.c:15:28: error: ac_nonexistent.h: No such file or directory
configure:3608: $? = 1
configure: failed program was:
| /* confdefs.h.  */
| 
| #define PACKAGE_NAME "stamp"
| #define PACKAGE_TARNAME "stamp"
| #define PACKAGE_VERSION "1.0"
| #define PACKAGE_STRING "stamp 1.0"
| #define PACKAGE_BUGREPORT "yhlu@fudan.edu.cn"
| #define PACKAGE "stamp"
| #define VERSION "1.0"
| #ifdef __cplusplus
| extern "C" void exit (int) throw ();
| #endif
| #define HAVE_LIBM 1
| /* end confdefs.h.  */
| #include <ac_nonexistent.h>
configure:3652: checking for egrep
configure:3662: result: grep -E
configure:3667: checking for ANSI C header files
configure:3692: gcc -c -g -O2  conftest.c >&5
configure:3698: $? = 0
configure:3702: test -z 
			 || test ! -s conftest.err
configure:3705: $? = 0
configure:3708: test -s conftest.o
configure:3711: $? = 0
configure:3800: gcc -o conftest -g -O2   conftest.c -lm  >&5
conftest.c: In function 'main':
conftest.c:32: warning: incompatible implicit declaration of built-in function 'exit'
configure:3803: $? = 0
configure:3805: ./conftest
configure:3808: $? = 0
configure:3823: result: yes
configure:3847: checking for sys/types.h
configure:3863: gcc -c -g -O2  conftest.c >&5
configure:3869: $? = 0
configure:3873: test -z 
			 || test ! -s conftest.err
configure:3876: $? = 0
configure:3879: test -s conftest.o
configure:3882: $? = 0
configure:3893: result: yes
configure:3847: checking for sys/stat.h
configure:3863: gcc -c -g -O2  conftest.c >&5
configure:3869: $? = 0
configure:3873: test -z 
			 || test ! -s conftest.err
configure:3876: $? = 0
configure:3879: test -s conftest.o
configure:3882: $? = 0
configure:3893: result: yes
configure:3847: checking for stdlib.h
configure:3863: gcc -c -g -O2  conftest.c >&5
configure:3869: $? = 0
configure:3873: test -z 
			 || test ! -s conftest.err
configure:3876: $? = 0
configure:3879: test -s conftest.o
configure:3882: $? = 0
configure:3893: result: yes
configure:3847: checking for string.h
configure:3863: gcc -c -g -O2  conftest.c >&5
configure:3869: $? = 0
configure:3873: test -z 
			 || test ! -s conftest.err
configure:3876: $? = 0
configure:3879: test -s conftest.o
configure:3882: $? = 0
configure:3893: result: yes
configure:3847: checking for memory.h
configure:3863: gcc -c -g -O2  conftest.c >&5
configure:3869: $? = 0
configure:3873: test -z 
			 || test ! -s conftest.err
configure:3876: $? = 0
configure:3879: test -s conftest.o
configure:3882: $? = 0
configure:3893: result: yes
configure:3847: checking for strings.h
configure:3863: gcc -c -g -O2  conftest.c >&5
configure:3869: $? = 0
configure:3873: test -z 
			 || test ! -s conftest.err
configure:3876: $? = 0
configure:3879: test -s conftest.o
configure:3882: $? = 0
configure:3893: result: yes
configure:3847: checking for inttypes.h
configure:3863: gcc -c -g -O2  conftest.c >&5
configure:3869: $? = 0
configure:3873: test -z 
			 || test ! -s conftest.err
configure:3876: $? = 0
configure:3879: test -s conftest.o
configure:3882: $? = 0
configure:3893: result: yes
configure:3847: checking for stdint.h
configure:3863: gcc -c -g -O2  conftest.c >&5
configure:3869: $? = 0
configure:3873: test -z 
			 || test ! -s conftest.err
configure:3876: $? = 0
configure:3879: test -s conftest.o
configure:3882: $? = 0
configure:3893: result: yes
configure:3847: checking for unistd.h
configure:3863: gcc -c -g -O2  conftest.c >&5
configure:3869: $? = 0
configure:3873: test -z 
			 || test ! -s conftest.err
configure:3876: $? = 0
configure:3879: test -s conftest.o
configure:3882: $? = 0
configure:3893: result: yes
configure:3905: checking for stdbool.h that conforms to C99
configure:3958: gcc -c -g -O2  conftest.c >&5
configure:3964: $? = 0
configure:3968: test -z 
			 || test ! -s conftest.err
configure:3971: $? = 0
configure:3974: test -s conftest.o
configure:3977: $? = 0
configure:3988: result: yes
configure:3990: checking for _Bool
configure:4014: gcc -c -g -O2  conftest.c >&5
configure:4020: $? = 0
configure:4024: test -z 
			 || test ! -s conftest.err
configure:4027: $? = 0
configure:4030: test -s conftest.o
configure:4033: $? = 0
configure:4044: result: yes
configure:4063: checking for an ANSI C-conforming const
configure:4130: gcc -c -g -O2  conftest.c >&5
configure:4136: $? = 0
configure:4140: test -z 
			 || test ! -s conftest.err
configure:4143: $? = 0
configure:4146: test -s conftest.o
configure:4149: $? = 0
configure:4160: result: yes
configure:4170: checking for inline
configure:4191: gcc -c -g -O2  conftest.c >&5
configure:4197: $? = 0
configure:4201: test -z 
			 || test ! -s conftest.err
configure:4204: $? = 0
configure:4207: test -s conftest.o
configure:4210: $? = 0
configure:4222: result: inline
configure:4241: checking for size_t
configure:4265: gcc -c -g -O2  conftest.c >&5
configure:4271: $? = 0
configure:4275: test -z 
			 || test ! -s conftest.err
configure:4278: $? = 0
configure:4281: test -s conftest.o
configure:4284: $? = 0
configure:4295: result: yes
configure:4461: creating ./config.status

## ---------------------- ##
## Running config.status. ##
## ---------------------- ##

This file was extended by stamp config.status 1.0, which was
generated by GNU Autoconf 2.59.  Invocation command line was

  CONFIG_FILES    = 
  CONFIG_HEADERS  = 
  CONFIG_LINKS    = 
  CONFIG_COMMANDS = 
  $ ./config.status 

on yangfan

config.status:698: creating Makefile
config.status:698: creating src/Makefile
config.status:802: creating config.h
config.status:914: config.h is unchanged
config.status:1094: executing depfiles commands

## ---------------- ##
## Cache variables. ##
## ---------------- ##

ac_cv_c_compiler_gnu=yes
ac_cv_c_const=yes
ac_cv_c_inline=inline
ac_cv_cxx_compiler_gnu=yes
ac_cv_env_CC_set=
ac_cv_env_CC_value=
ac_cv_env_CFLAGS_set=
ac_cv_env_CFLAGS_value=
ac_cv_env_CPPFLAGS_set=
ac_cv_env_CPPFLAGS_value=
ac_cv_env_CPP_set=
ac_cv_env_CPP_value=
ac_cv_env_CXXFLAGS_set=
ac_cv_env_CXXFLAGS_value=
ac_cv_env_CXX_set=
ac_cv_env_CXX_value=
ac_cv_env_LDFLAGS_set=
ac_cv_env_LDFLAGS_value=
ac_cv_env_build_alias_set=
ac_cv_env_build_alias_value=
ac_cv_env_host_alias_set=
ac_cv_env_host_alias_value=
ac_cv_env_target_alias_set=
ac_cv_env_target_alias_value=
ac_cv_exeext=
ac_cv_header_inttypes_h=yes
ac_cv_header_memory_h=yes
ac_cv_header_stdbool_h=yes
ac_cv_header_stdc=yes
ac_cv_header_stdint_h=yes
ac_cv_header_stdlib_h=yes
ac_cv_header_string_h=yes
ac_cv_header_strings_h=yes
ac_cv_header_sys_stat_h=yes
ac_cv_header_sys_types_h=yes
ac_cv_header_unistd_h=yes
ac_cv_lib_m_fabs=yes
ac_cv_objext=o
ac_cv_path_install='/usr/bin/install -c'
ac_cv_prog_AWK=mawk
ac_cv_prog_CPP='gcc -E'
ac_cv_prog_ac_ct_CC=gcc
ac_cv_prog_ac_ct_CXX=g++
ac_cv_prog_cc_g=yes
ac_cv_prog_cc_stdc=
ac_cv_prog_cxx_g=yes
ac_cv_prog_egrep='grep -E'
ac_cv_prog_make_make_set=yes
ac_cv_type__Bool=yes
ac_cv_type_size_t=yes
am_cv_CC_dependencies_compiler_type=gcc3
am_cv_CXX_dependencies_compiler_type=gcc3

## ----------------- ##
## Output variables. ##
## ----------------- ##

ACLOCAL='${SHELL} /home/yangfan/project1/stamp-1.0/missing --run aclocal-1.9'
AMDEPBACKSLASH='\'
AMDEP_FALSE='#'
AMDEP_TRUE=''
AMTAR='${SHELL} /home/yangfan/project1/stamp-1.0/missing --run tar'
AUTOCONF='${SHELL} /home/yangfan/project1/stamp-1.0/missing --run autoconf'
AUTOHEADER='${SHELL} /home/yangfan/project1/stamp-1.0/missing --run autoheader'
AUTOMAKE='${SHELL} /home/yangfan/project1/stamp-1.0/missing --run automake-1.9'
AWK='mawk'
CC='gcc'
CCDEPMODE='depmode=gcc3'
CFLAGS='-g -O2'
CPP='gcc -E'
CPPFLAGS=''
CXX='g++'
CXXDEPMODE='depmode=gcc3'
CXXFLAGS=''
CYGPATH_W='echo'
DEFS='-DHAVE_CONFIG_H'
DEPDIR='.deps'
ECHO_C=''
ECHO_N='-n'
ECHO_T=''
EGREP='grep -E'
ENABLE_DEBUG_FALSE=''
ENABLE_DEBUG_TRUE='#'
EXEEXT=''
INSTALL_DATA='${INSTALL} -m 644'
INSTALL_PROGRAM='${INSTALL}'
INSTALL_SCRIPT='${INSTALL}'
INSTALL_STRIP_PROGRAM='${SHELL} $(install_sh) -c -s'
LDFLAGS=''
LIBOBJS=''
LIBS='-lm '
LTLIBOBJS=''
MAKEINFO='${SHELL} /home/yangfan/project1/stamp-1.0/missing --run makeinfo'
OBJEXT='o'
PACKAGE='stamp'
PACKAGE_BUGREPORT='yhlu@fudan.edu.cn'
PACKAGE_NAME='stamp'
PACKAGE_STRING='stamp 1.0'
PACKAGE_TARNAME='stamp'
PACKAGE_VERSION='1.0'
PATH_SEPARATOR=':'
SET_MAKE=''
SHELL='/bin/bash'
STRIP=''
VERSION='1.0'
ac_ct_CC='gcc'
ac_ct_CXX='g++'
ac_ct_STRIP=''
am__fastdepCC_FALSE='#'
am__fastdepCC_TRUE=''
am__fastdepCXX_FALSE='#'
am__fastdepCXX_TRUE=''
am__include='include'
am__leading_dot='.'
am__quote=''
am__tar='${AMTAR} chof - "$$tardir"'
am__untar='${AMTAR} xf -'
bindir='${exec_prefix}/bin'
build_alias=''
datadir='${prefix}/share'
exec_prefix='${prefix}'
host_alias=''
includedir='${prefix}/include'
infodir='${prefix}/info'
install_sh='/home/yangfan/project1/stamp-1.0/install-sh'
libdir='${exec_prefix}/lib'
libexecdir='${exec_prefix}/libexec'
localstatedir='${prefix}/var'
mandir='${prefix}/man'
mkdir_p='mkdir -p --'
oldincludedir='/usr/include'
prefix='/usr/local'
program_transform_name='s,x,x,'
sbindir='${exec_prefix}/sbin'
sharedstatedir='${prefix}/com'
sysconfdir='${prefix}/etc'
target_alias=''

## ----------- ##
## confdefs.h. ##
## ----------- ##

#define HAVE_INTTYPES_H 1
#define HAVE_LIBM 1
#define HAVE_MEMORY_H 1
#define HAVE_STDBOOL_H 1
#define HAVE_STDINT_H 1
#define HAVE_STDLIB_H 1
#define HAVE_STRINGS_H 1
#define HAVE_STRING_H 1
#define HAVE_SYS_STAT_H 1
#define HAVE_SYS_TYPES_H 1
#define HAVE_UNISTD_H 1
#define HAVE__BOOL 1
#define PACKAGE "stamp"
#define PACKAGE_BUGREPORT "yhlu@fudan.edu.cn"
#define PACKAGE_NAME "stamp"
#define PACKAGE_STRING "stamp 1.0"
#define PACKAGE_TARNAME "stamp"
#define PACKAGE_VERSION "1.0"
#define STDC_HEADERS 1
#define VERSION "1.0"
#endif
#ifdef __cplusplus
extern "C" void exit (int) throw ();

configure: exit 0
